<?xml version="1.0" encoding="UTF-8"?>
<!-- Generated by org.testng.reporters.JUnitXMLReporter -->
<testsuite ignored="0" hostname="LAPTOP-FQC57GJN" failures="0" tests="7" name="Default test" time="0.062" errors="0" timestamp="2021-06-09T13:42:21 IST">
  <testcase classname="Calculate" name="emptyString" time="0.005"/>
  <testcase classname="Calculate" name="ignoreBiggerNumbers" time="0.002"/>
  <testcase classname="Calculate" name="negativeInput" time="0.001"/>
  <testcase classname="Calculate" name="singleNumber" time="0.001"/>
  <testcase classname="Calculate" name="threeNumbers" time="0.001"/>
  <testcase classname="Calculate" name="twoNumbers" time="0.002"/>
  <testcase classname="Calculate" name="twoNumbersDelimitedByNewLine" time="0.002"/>
</testsuite> <!-- Default test -->
