<?xml version="1.0" encoding="UTF-8"?>
<testng-results ignored="0" total="3" passed="3" failed="0" skipped="0">
  <reporter-output>
  </reporter-output>
  <suite started-at="2021-06-09T12:52:57 IST" name="Default suite" finished-at="2021-06-09T12:52:57 IST" duration-ms="41">
    <groups>
    </groups>
    <test started-at="2021-06-09T12:52:57 IST" name="Default test" finished-at="2021-06-09T12:52:57 IST" duration-ms="41">
      <class name="Calculate">
        <test-method is-config="true" signature="init()[pri:0, instance:Calculate@4386f16]" started-at="2021-06-09T12:52:57 IST" name="init" finished-at="2021-06-09T12:52:57 IST" duration-ms="6" status="PASS">
          <reporter-output>
          </reporter-output>
        </test-method> <!-- init -->
        <test-method signature="emptyString()[pri:0, instance:Calculate@4386f16]" started-at="2021-06-09T12:52:57 IST" name="emptyString" finished-at="2021-06-09T12:52:57 IST" duration-ms="5" status="PASS">
          <reporter-output>
          </reporter-output>
        </test-method> <!-- emptyString -->
        <test-method signature="singleNumber()[pri:0, instance:Calculate@4386f16]" started-at="2021-06-09T12:52:57 IST" name="singleNumber" finished-at="2021-06-09T12:52:57 IST" duration-ms="1" status="PASS">
          <reporter-output>
          </reporter-output>
        </test-method> <!-- singleNumber -->
        <test-method signature="twoNumbers()[pri:0, instance:Calculate@4386f16]" started-at="2021-06-09T12:52:57 IST" name="twoNumbers" finished-at="2021-06-09T12:52:57 IST" duration-ms="1" status="PASS">
          <reporter-output>
          </reporter-output>
        </test-method> <!-- twoNumbers -->
      </class> <!-- Calculate -->
    </test> <!-- Default test -->
  </suite> <!-- Default suite -->
</testng-results>
