<?xml version="1.0" encoding="UTF-8"?>
<testng-results ignored="0" total="1" passed="1" failed="0" skipped="0">
  <reporter-output>
  </reporter-output>
  <suite started-at="2021-06-09T11:30:01 IST" name="Default suite" finished-at="2021-06-09T11:30:01 IST" duration-ms="34">
    <groups>
    </groups>
    <test started-at="2021-06-09T11:30:01 IST" name="Default test" finished-at="2021-06-09T11:30:01 IST" duration-ms="34">
      <class name="Calculate">
        <test-method signature="emptyString()[pri:0, instance:Calculate@45b9a632]" started-at="2021-06-09T11:30:01 IST" name="emptyString" finished-at="2021-06-09T11:30:01 IST" duration-ms="8" status="PASS">
          <reporter-output>
          </reporter-output>
        </test-method> <!-- emptyString -->
      </class> <!-- Calculate -->
    </test> <!-- Default test -->
  </suite> <!-- Default suite -->
</testng-results>
